Results of doctest builder run on 2025-11-28 09:34:43
=====================================================

Document: usage
---------------
**********************************************************************
File "usage.rst", line 41, in default
Failed example:
    import lumache
Exception raised:
    Traceback (most recent call last):
      File "<doctest default[0]>", line 1, in <module>
        import lumache
    ModuleNotFoundError: No module named 'lumache'
**********************************************************************
File "usage.rst", line 42, in default
Failed example:
    lumache.get_random_ingredients()
Exception raised:
    Traceback (most recent call last):
      File "<doctest default[1]>", line 1, in <module>
        lumache.get_random_ingredients()
        ^^^^^^^
    NameError: name 'lumache' is not defined
**********************************************************************
1 item had failures:
   2 of   2 in default
2 tests in 1 item.
0 passed and 2 failed.
***Test Failed*** 2 failures.

Doctest summary
===============
    2 tests
    2 failures in tests
    0 failures in setup code
    0 failures in cleanup code
